<?xml version="1.0" encoding="UTF-8"?>
<!-- Generated by org.testng.reporters.JUnitReportReporter -->
<testsuite hostname="LAPTOP-H9QJJESB" failures="0" tests="6" name="capstoneProject_Medicare.GetAllMedicine" time="1.952" errors="0" timestamp="2023-12-23T00:26:34 IST" skipped="0">
  <testcase classname="capstoneProject_Medicare.GetAllMedicine" name="get_all_products" time="1.478"/>
  <system-out/>
  <testcase classname="capstoneProject_Medicare.GetAllMedicine" name="get_all_users" time="0.020"/>
  <system-out/>
  <testcase classname="capstoneProject_Medicare.GetAllMedicine" name="add_Product" time="0.377"/>
  <system-out/>
  <testcase classname="capstoneProject_Medicare.GetAllMedicine" name="update_ProductName" time="0.028"/>
  <system-out/>
  <testcase classname="capstoneProject_Medicare.GetAllMedicine" name="update_ProductStatus" time="0.021"/>
  <system-out/>
  <testcase classname="capstoneProject_Medicare.GetAllMedicine" name="deleteProduct" time="0.028"/>
  <system-out/>
</testsuite> <!-- capstoneProject_Medicare.GetAllMedicine -->
