<?xml version="1.0" encoding="UTF-8"?>
<!-- Generated by org.testng.reporters.JUnitReportReporter -->
<testsuite hostname="LAPTOP-H9QJJESB" failures="0" tests="4" name="com.medicare.Test.LoginPageTest" time="5.810" errors="0" timestamp="2023-12-23T01:37:23 IST" skipped="0">
  <testcase classname="com.medicare.Test.LoginPageTest" name="test_login" time="5.477"/>
  <system-out/>
  <testcase classname="com.medicare.Test.LoginPageTest" name="test_getTitle_page" time="0.174"/>
  <system-out/>
  <testcase classname="com.medicare.Test.LoginPageTest" name="Test_validate_registration_Text" time="0.045"/>
  <system-out/>
  <testcase classname="com.medicare.Test.LoginPageTest" name="test_click_cart" time="0.114"/>
  <system-out/>
</testsuite> <!-- com.medicare.Test.LoginPageTest -->
