<?xml version="1.0" encoding="UTF-8"?>
<!-- Generated by org.testng.reporters.JUnitReportReporter -->
<testsuite hostname="LAPTOP-H9QJJESB" failures="0" tests="3" name="com.medicare.Test.AddToCartTestPage" time="5.818" errors="0" timestamp="2023-12-23T01:33:21 IST" skipped="0">
  <testcase classname="com.medicare.Test.AddToCartTestPage" name="test_login" time="5.669"/>
  <system-out/>
  <testcase classname="com.medicare.Test.AddToCartTestPage" name="test_add_product_to_cart" time="0.092"/>
  <system-out/>
  <testcase classname="com.medicare.Test.AddToCartTestPage" name="test_validate_success_message" time="0.057"/>
  <system-out/>
</testsuite> <!-- com.medicare.Test.AddToCartTestPage -->
