<?xml version="1.0" encoding="UTF-8"?>
<!-- Generated by org.testng.reporters.JUnitReportReporter -->
<testsuite hostname="LAPTOP-H9QJJESB" failures="0" tests="3" name="com.medicare.Test.OrderPageTest" time="5.968" errors="0" timestamp="2023-12-23T01:37:53 IST" skipped="0">
  <testcase classname="com.medicare.Test.OrderPageTest" name="test_login" time="5.692"/>
  <system-out/>
  <testcase classname="com.medicare.Test.OrderPageTest" name="test_click_orders" time="0.256"/>
  <system-out/>
  <testcase classname="com.medicare.Test.OrderPageTest" name="test_getTitle_page" time="0.020"/>
  <system-out/>
</testsuite> <!-- com.medicare.Test.OrderPageTest -->
