<?xml version="1.0" encoding="UTF-8"?>
<!-- Generated by org.testng.reporters.JUnitReportReporter -->
<testsuite hostname="LAPTOP-H9QJJESB" failures="0" tests="3" name="com.medicare.Test.HomePageTest" time="1.907" errors="0" timestamp="2023-12-23T01:36:48 IST" skipped="0">
  <testcase classname="com.medicare.Test.HomePageTest" name="test_getTitle_page" time="0.070"/>
  <system-out/>
  <testcase classname="com.medicare.Test.HomePageTest" name="Test_Validate_Text_On_Page" time="0.052"/>
  <system-out/>
  <testcase classname="com.medicare.Test.HomePageTest" name="test_click_register_link" time="1.785"/>
  <system-out/>
</testsuite> <!-- com.medicare.Test.HomePageTest -->
