<?xml version="1.0" encoding="UTF-8"?>
<!-- Generated by org.testng.reporters.JUnitReportReporter -->
<testsuite hostname="LAPTOP-H9QJJESB" failures="0" tests="5" name="com.medicare.Test.RegisterPageTest" time="7.687" errors="0" timestamp="2023-12-23T01:38:24 IST" skipped="0">
  <testcase classname="com.medicare.Test.RegisterPageTest" name="test_click_register_link" time="1.868"/>
  <system-out/>
  <testcase classname="com.medicare.Test.RegisterPageTest" name="test_getTitle_page" time="0.032"/>
  <system-out/>
  <testcase classname="com.medicare.Test.RegisterPageTest" name="Test_register_user" time="5.574"/>
  <system-out/>
  <testcase classname="com.medicare.Test.RegisterPageTest" name="Test_validate_registration_URL" time="0.165"/>
  <system-out/>
  <testcase classname="com.medicare.Test.RegisterPageTest" name="Test_validate_registration_Text" time="0.048"/>
  <system-out/>
</testsuite> <!-- com.medicare.Test.RegisterPageTest -->
